# JRE version: OpenJDK Runtime Environment (8.0_152-b01) (build 1.8.0_152-release-915-b01)
# Java VM: OpenJDK 64-Bit Server VM (25.152-b01 mixed mode windows-amd64 compressed oops)
Heap:
 PSYoungGen      total 393728K, used 7165K [0x00000000e0000000, 0x00000000ffa80000, 0x0000000100000000)
  eden space 267776K, 0% used [0x00000000e0000000,0x00000000e0000000,0x00000000f0580000)
  from space 125952K, 5% used [0x00000000f7f80000,0x00000000f867f6d8,0x00000000ffa80000)
  to   space 124928K, 0% used [0x00000000f0580000,0x00000000f0580000,0x00000000f7f80000)
 ParOldGen       total 552448K, used 520623K [0x00000000a0000000, 0x00000000c1b80000, 0x00000000e0000000)
  object space 552448K, 94% used [0x00000000a0000000,0x00000000bfc6bc80,0x00000000c1b80000)
 Metaspace       used 122450K, capacity 131838K, committed 132096K, reserved 1163264K
  class space    used 15705K, capacity 17896K, committed 17920K, reserved 1048576K
GC Heap History (10 events):
Event: 8404.250 GC heap after
Heap after GC invocations=47 (full 5):
 PSYoungGen      total 365568K, used 10237K [0x00000000e0000000, 0x00000000fea00000, 0x0000000100000000)
  eden space 225792K, 0% used [0x00000000e0000000,0x00000000e0000000,0x00000000edc80000)
  from space 139776K, 7% used [0x00000000f6180000,0x00000000f6b7f710,0x00000000fea00000)
  to   space 136192K, 0% used [0x00000000edc80000,0x00000000edc80000,0x00000000f6180000)
 ParOldGen       total 552448K, used 447917K [0x00000000a0000000, 0x00000000c1b80000, 0x00000000e0000000)
  object space 552448K, 81% used [0x00000000a0000000,0x00000000bb56b4a0,0x00000000c1b80000)
 Metaspace       used 117720K, capacity 126888K, committed 127104K, reserved 1159168K
  class space    used 15112K, capacity 17271K, committed 17280K, reserved 1048576K
}
Event: 8423.654 GC heap before
{Heap before GC invocations=48 (full 5):
 PSYoungGen      total 365568K, used 236029K [0x00000000e0000000, 0x00000000fea00000, 0x0000000100000000)
  eden space 225792K, 100% used [0x00000000e0000000,0x00000000edc80000,0x00000000edc80000)
  from space 139776K, 7% used [0x00000000f6180000,0x00000000f6b7f710,0x00000000fea00000)
  to   space 136192K, 0% used [0x00000000edc80000,0x00000000edc80000,0x00000000f6180000)
 ParOldGen       total 552448K, used 447917K [0x00000000a0000000, 0x00000000c1b80000, 0x00000000e0000000)
  object space 552448K, 81% used [0x00000000a0000000,0x00000000bb56b4a0,0x00000000c1b80000)
 Metaspace       used 117965K, capacity 127084K, committed 127104K, reserved 1159168K
  class space    used 15132K, capacity 17271K, committed 17280K, reserved 1048576K
Event: 8423.680 GC heap after
Heap after GC invocations=48 (full 5):
 PSYoungGen      total 361984K, used 1808K [0x00000000e0000000, 0x00000000ff080000, 0x0000000100000000)
  eden space 225792K, 0% used [0x00000000e0000000,0x00000000e0000000,0x00000000edc80000)
  from space 136192K, 1% used [0x00000000edc80000,0x00000000ede44010,0x00000000f6180000)
  to   space 130048K, 0% used [0x00000000f7180000,0x00000000f7180000,0x00000000ff080000)
 ParOldGen       total 552448K, used 452981K [0x00000000a0000000, 0x00000000c1b80000, 0x00000000e0000000)
  object space 552448K, 81% used [0x00000000a0000000,0x00000000bba5d730,0x00000000c1b80000)
 Metaspace       used 117965K, capacity 127084K, committed 127104K, reserved 1159168K
  class space    used 15132K, capacity 17271K, committed 17280K, reserved 1048576K
}
Event: 8433.673 GC heap before
{Heap before GC invocations=49 (full 5):
 PSYoungGen      total 361984K, used 227600K [0x00000000e0000000, 0x00000000ff080000, 0x0000000100000000)
  eden space 225792K, 100% used [0x00000000e0000000,0x00000000edc80000,0x00000000edc80000)
  from space 136192K, 1% used [0x00000000edc80000,0x00000000ede44010,0x00000000f6180000)
  to   space 130048K, 0% used [0x00000000f7180000,0x00000000f7180000,0x00000000ff080000)
 ParOldGen       total 552448K, used 452981K [0x00000000a0000000, 0x00000000c1b80000, 0x00000000e0000000)
  object space 552448K, 81% used [0x00000000a0000000,0x00000000bba5d730,0x00000000c1b80000)
 Metaspace       used 118056K, capacity 127332K, committed 127488K, reserved 1159168K
  class space    used 15144K, capacity 17311K, committed 17408K, reserved 1048576K
Event: 8433.742 GC heap after
Heap after GC invocations=49 (full 5):
 PSYoungGen      total 381952K, used 2576K [0x00000000e0000000, 0x00000000fee00000, 0x0000000100000000)
  eden space 254464K, 0% used [0x00000000e0000000,0x00000000e0000000,0x00000000ef880000)
  from space 127488K, 2% used [0x00000000f7180000,0x00000000f7404030,0x00000000fee00000)
  to   space 123904K, 0% used [0x00000000ef880000,0x00000000ef880000,0x00000000f7180000)
 ParOldGen       total 552448K, used 454013K [0x00000000a0000000, 0x00000000c1b80000, 0x00000000e0000000)
  object space 552448K, 82% used [0x00000000a0000000,0x00000000bbb5f7f0,0x00000000c1b80000)
 Metaspace       used 118056K, capacity 127332K, committed 127488K, reserved 1159168K
  class space    used 15144K, capacity 17311K, committed 17408K, reserved 1048576K
}
Event: 8445.374 GC heap before
{Heap before GC invocations=50 (full 5):
 PSYoungGen      total 381952K, used 257040K [0x00000000e0000000, 0x00000000fee00000, 0x0000000100000000)
  eden space 254464K, 100% used [0x00000000e0000000,0x00000000ef880000,0x00000000ef880000)
  from space 127488K, 2% used [0x00000000f7180000,0x00000000f7404030,0x00000000fee00000)
  to   space 123904K, 0% used [0x00000000ef880000,0x00000000ef880000,0x00000000f7180000)
 ParOldGen       total 552448K, used 454013K [0x00000000a0000000, 0x00000000c1b80000, 0x00000000e0000000)
  object space 552448K, 82% used [0x00000000a0000000,0x00000000bbb5f7f0,0x00000000c1b80000)
 Metaspace       used 122395K, capacity 131754K, committed 131840K, reserved 1163264K
  class space    used 15700K, capacity 17892K, committed 17920K, reserved 1048576K
Event: 8445.883 GC heap after
Heap after GC invocations=50 (full 5):
 PSYoungGen      total 378368K, used 71439K [0x00000000e0000000, 0x0000000100000000, 0x0000000100000000)
  eden space 254464K, 0% used [0x00000000e0000000,0x00000000e0000000,0x00000000ef880000)
  from space 123904K, 57% used [0x00000000ef880000,0x00000000f3e43eb8,0x00000000f7180000)
  to   space 131584K, 0% used [0x00000000f7f80000,0x00000000f7f80000,0x0000000100000000)
 ParOldGen       total 552448K, used 455841K [0x00000000a0000000, 0x00000000c1b80000, 0x00000000e0000000)
  object space 552448K, 82% used [0x00000000a0000000,0x00000000bbd285e0,0x00000000c1b80000)
 Metaspace       used 122395K, capacity 131754K, committed 131840K, reserved 1163264K
  class space    used 15700K, capacity 17892K, committed 17920K, reserved 1048576K
}
Event: 8447.774 GC heap before
{Heap before GC invocations=51 (full 5):
 PSYoungGen      total 378368K, used 325854K [0x00000000e0000000, 0x0000000100000000, 0x0000000100000000)
  eden space 254464K, 99% used [0x00000000e0000000,0x00000000ef873a78,0x00000000ef880000)
  from space 123904K, 57% used [0x00000000ef880000,0x00000000f3e43eb8,0x00000000f7180000)
  to   space 131584K, 0% used [0x00000000f7f80000,0x00000000f7f80000,0x0000000100000000)
 ParOldGen       total 552448K, used 455841K [0x00000000a0000000, 0x00000000c1b80000, 0x00000000e0000000)
  object space 552448K, 82% used [0x00000000a0000000,0x00000000bbd285e0,0x00000000c1b80000)
 Metaspace       used 122450K, capacity 131838K, committed 132096K, reserved 1163264K
  class space    used 15705K, capacity 17896K, committed 17920K, reserved 1048576K
Event: 8447.932 GC heap after
Heap after GC invocations=51 (full 5):
 PSYoungGen      total 393728K, used 7165K [0x00000000e0000000, 0x00000000ffa80000, 0x0000000100000000)
  eden space 267776K, 0% used [0x00000000e0000000,0x00000000e0000000,0x00000000f0580000)
  from space 125952K, 5% used [0x00000000f7f80000,0x00000000f867f6d8,0x00000000ffa80000)
  to   space 124928K, 0% used [0x00000000f0580000,0x00000000f0580000,0x00000000f7f80000)
 ParOldGen       total 552448K, used 520623K [0x00000000a0000000, 0x00000000c1b80000, 0x00000000e0000000)
  object space 552448K, 94% used [0x00000000a0000000,0x00000000bfc6bc80,0x00000000c1b80000)
 Metaspace       used 122450K, capacity 131838K, committed 132096K, reserved 1163264K
  class space    used 15705K, capacity 17896K, committed 17920K, reserved 1048576K
}
Event: 8447.932 GC heap before
{Heap before GC invocations=52 (full 6):
 PSYoungGen      total 393728K, used 7165K [0x00000000e0000000, 0x00000000ffa80000, 0x0000000100000000)
  eden space 267776K, 0% used [0x00000000e0000000,0x00000000e0000000,0x00000000f0580000)
  from space 125952K, 5% used [0x00000000f7f80000,0x00000000f867f6d8,0x00000000ffa80000)
  to   space 124928K, 0% used [0x00000000f0580000,0x00000000f0580000,0x00000000f7f80000)
 ParOldGen       total 552448K, used 520623K [0x00000000a0000000, 0x00000000c1b80000, 0x00000000e0000000)
  object space 552448K, 94% used [0x00000000a0000000,0x00000000bfc6bc80,0x00000000c1b80000)
 Metaspace       used 122450K, capacity 131838K, committed 132096K, reserved 1163264K
  class space    used 15705K, capacity 17896K, committed 17920K, reserved 1048576K

